Using pre-set license
Built from '2020.3/release' branch; Version is '2020.3.1f1 (77a89f25062f) revision 7841951'; Using compiler version '192528614'; Build Type 'Release'
OS: 'Windows 10 Pro; OS build 19042.1052; Version 2009; 64bit' Language: 'en' Physical Memory: 8075 MB
BatchMode: 1, IsHumanControllingUs: 0, StartBugReporterOnCrash: 0, Is64bit: 1, IsPro: 0

 COMMAND LINE ARGUMENTS:
C:\Program Files\Unity\Hub\Editor\2020.3.1f1\Editor\Unity.exe
-adb2
-batchMode
-noUpm
-name
AssetImportWorker0
-projectPath
C:/CHARLES University/4th semester/Game Development/Project C/project-c
-logFile
Logs/AssetImportWorker0.log
-srvPort
55896
Successfully changed project path to: C:/CHARLES University/4th semester/Game Development/Project C/project-c
C:/CHARLES University/4th semester/Game Development/Project C/project-c
Using Asset Import Pipeline V2.
Refreshing native plugins compatible for Editor in 147.28 ms, found 0 plugins.
Preloading 0 native plugins for Editor in 0.00 ms.
Initialize engine version: 2020.3.1f1 (77a89f25062f)
[Subsystems] Discovering subsystems at path C:/Program Files/Unity/Hub/Editor/2020.3.1f1/Editor/Data/Resources/UnitySubsystems
[Subsystems] Discovering subsystems at path C:/CHARLES University/4th semester/Game Development/Project C/project-c/Assets
GfxDevice: creating device client; threaded=0
Direct3D:
    Version:  Direct3D 11.0 [level 11.1]
    Renderer: Intel(R) UHD Graphics 620 (ID=0x5917)
    Vendor:   
    VRAM:     4037 MB
    Driver:   27.20.100.9466
Initialize mono
Mono path[0] = 'C:/Program Files/Unity/Hub/Editor/2020.3.1f1/Editor/Data/Managed'
Mono path[1] = 'C:/Program Files/Unity/Hub/Editor/2020.3.1f1/Editor/Data/MonoBleedingEdge/lib/mono/unityjit'
Mono config path = 'C:/Program Files/Unity/Hub/Editor/2020.3.1f1/Editor/Data/MonoBleedingEdge/etc'
Using monoOptions --debugger-agent=transport=dt_socket,embedding=1,server=y,suspend=n,address=127.0.0.1:56312
Begin MonoManager ReloadAssembly
Registering precompiled unity dll's ...
Register platform support module: C:/Program Files/Unity/Hub/Editor/2020.3.1f1/Editor/Data/PlaybackEngines/WindowsStandaloneSupport/UnityEditor.WindowsStandalone.Extensions.dll
Registered in 0.005906 seconds.
Native extension for WindowsStandalone target not found
Refreshing native plugins compatible for Editor in 66.95 ms, found 0 plugins.
Preloading 0 native plugins for Editor in 0.00 ms.
Invoked RoslynAnalysisRunner static constructor.
RoslynAnalysisRunner will not be running.
RoslynAnalysisRunner has terminated.
Mono: successfully reloaded assembly
- Completed reload, in  5.384 seconds
Platform modules already initialized, skipping
Registering precompiled user dll's ...
Registered in 0.002103 seconds.
Begin MonoManager ReloadAssembly
Native extension for WindowsStandalone target not found
Refreshing native plugins compatible for Editor in 0.56 ms, found 0 plugins.
Preloading 0 native plugins for Editor in 0.00 ms.
Invoked RoslynAnalysisRunner static constructor.
RoslynAnalysisRunner will not be running.
RoslynAnalysisRunner has terminated.
Mono: successfully reloaded assembly
- Completed reload, in  1.005 seconds
Platform modules already initialized, skipping
========================================================================
Worker process is ready to serve import requests
Launched and connected shader compiler UnityShaderCompiler.exe after 0.10 seconds
Refreshing native plugins compatible for Editor in 0.71 ms, found 0 plugins.
Preloading 0 native plugins for Editor in 0.00 ms.
Unloading 1657 Unused Serialized files (Serialized files now loaded: 0)
System memory in use before: 83.1 MB.
System memory in use after: 83.2 MB.

Unloading 13 unused Assets to reduce memory usage. Loaded Objects now: 2111.
Total: 2.905000 ms (FindLiveObjects: 0.417700 ms CreateObjectMapping: 0.092900 ms MarkObjects: 2.341000 ms  DeleteObjects: 0.052100 ms)

========================================================================
Received Import Request.
  path: Assets/Tutorial & Spaceship.unity
  artifactKey: Guid(4567e18471a26f24b8c841a4063ca268) Importer(815301076,1909f56bfc062723c751e8b465ee728b)
Start importing Assets/Tutorial & Spaceship.unity using Guid(4567e18471a26f24b8c841a4063ca268) Importer(815301076,1909f56bfc062723c751e8b465ee728b)  -> (artifact id: '8b283a3b15e524a8b9d3d9fa73661668') in 0.034473 seconds
  Import took 0.040555 seconds .

========================================================================
Received Prepare
Registering precompiled user dll's ...
Registered in 0.001980 seconds.
Begin MonoManager ReloadAssembly
Native extension for WindowsStandalone target not found
Refreshing native plugins compatible for Editor in 1.79 ms, found 0 plugins.
Preloading 0 native plugins for Editor in 0.00 ms.
Invoked RoslynAnalysisRunner static constructor.
RoslynAnalysisRunner will not be running.
RoslynAnalysisRunner has terminated.
Mono: successfully reloaded assembly
- Completed reload, in  1.662 seconds
Platform modules already initialized, skipping
Refreshing native plugins compatible for Editor in 0.70 ms, found 0 plugins.
Preloading 0 native plugins for Editor in 0.00 ms.
Unloading 1605 Unused Serialized files (Serialized files now loaded: 0)
System memory in use before: 79.4 MB.
System memory in use after: 79.5 MB.

Unloading 5 unused Assets to reduce memory usage. Loaded Objects now: 2115.
Total: 2.779800 ms (FindLiveObjects: 0.343200 ms CreateObjectMapping: 0.116400 ms MarkObjects: 2.284000 ms  DeleteObjects: 0.034600 ms)

========================================================================
Received Import Request.
  Time since last request: 912.432132 seconds.
  path: Assets/2DGamekit/Scripts/Effect/DoorOpener.cs
  artifactKey: Guid(67e255b50b1c02e45aa7c64738507186) Importer(815301076,1909f56bfc062723c751e8b465ee728b)
Start importing Assets/2DGamekit/Scripts/Effect/DoorOpener.cs using Guid(67e255b50b1c02e45aa7c64738507186) Importer(815301076,1909f56bfc062723c751e8b465ee728b)  -> (artifact id: '77e3040f3a8936d791ac079fb269d0ff') in 0.115085 seconds
  Import took 0.123653 seconds .

========================================================================
Received Import Request.
  Time since last request: 135.179362 seconds.
  path: Assets/Cave.unity
  artifactKey: Guid(224e1f49262ffbf4c827c075086bce40) Importer(815301076,1909f56bfc062723c751e8b465ee728b)
Start importing Assets/Cave.unity using Guid(224e1f49262ffbf4c827c075086bce40) Importer(815301076,1909f56bfc062723c751e8b465ee728b)  -> (artifact id: '03118041c024d1efe409fbbea5c32c05') in 0.045330 seconds
  Import took 0.053962 seconds .

========================================================================
Received Import Request.
  Time since last request: 216.504491 seconds.
  path: Assets/2DGamekit/Art/Materials/VFX/Environment/ParticleSmoke.mat
  artifactKey: Guid(30416b542ac1dd049b116f11a8b5c8c7) Importer(815301076,1909f56bfc062723c751e8b465ee728b)
Start importing Assets/2DGamekit/Art/Materials/VFX/Environment/ParticleSmoke.mat using Guid(30416b542ac1dd049b116f11a8b5c8c7) Importer(815301076,1909f56bfc062723c751e8b465ee728b)  -> (artifact id: '123cf60e6a96cc76954afba755b13740') in 0.274436 seconds
  Import took 0.282328 seconds .

AssetImportWorkerClient::OnTransportError - code=2 error=End of file
