Using pre-set license
Built from '2020.3/release' branch; Version is '2020.3.1f1 (77a89f25062f) revision 7841951'; Using compiler version '192528614'; Build Type 'Release'
OS: 'Windows 10 Pro; OS build 19042.985; Version 2009; 64bit' Language: 'en' Physical Memory: 8075 MB
BatchMode: 1, IsHumanControllingUs: 0, StartBugReporterOnCrash: 0, Is64bit: 1, IsPro: 0

 COMMAND LINE ARGUMENTS:
C:\Program Files\Unity\Hub\Editor\2020.3.1f1\Editor\Unity.exe
-adb2
-batchMode
-noUpm
-name
AssetImportWorker0
-projectPath
C:/CHARLES University/4th semester/Game Development/Project C/Project C Unity
-logFile
Logs/AssetImportWorker0.log
-srvPort
65275
Successfully changed project path to: C:/CHARLES University/4th semester/Game Development/Project C/Project C Unity
C:/CHARLES University/4th semester/Game Development/Project C/Project C Unity
Using Asset Import Pipeline V2.
Refreshing native plugins compatible for Editor in 91.18 ms, found 0 plugins.
Preloading 0 native plugins for Editor in 0.00 ms.
Initialize engine version: 2020.3.1f1 (77a89f25062f)
[Subsystems] Discovering subsystems at path C:/Program Files/Unity/Hub/Editor/2020.3.1f1/Editor/Data/Resources/UnitySubsystems
[Subsystems] Discovering subsystems at path C:/CHARLES University/4th semester/Game Development/Project C/Project C Unity/Assets
GfxDevice: creating device client; threaded=0
Direct3D:
    Version:  Direct3D 11.0 [level 11.1]
    Renderer: Intel(R) UHD Graphics 620 (ID=0x5917)
    Vendor:   
    VRAM:     4037 MB
    Driver:   27.20.100.9466
Initialize mono
Mono path[0] = 'C:/Program Files/Unity/Hub/Editor/2020.3.1f1/Editor/Data/Managed'
Mono path[1] = 'C:/Program Files/Unity/Hub/Editor/2020.3.1f1/Editor/Data/MonoBleedingEdge/lib/mono/unityjit'
Mono config path = 'C:/Program Files/Unity/Hub/Editor/2020.3.1f1/Editor/Data/MonoBleedingEdge/etc'
Using monoOptions --debugger-agent=transport=dt_socket,embedding=1,server=y,suspend=n,address=127.0.0.1:56856
Begin MonoManager ReloadAssembly
Registering precompiled unity dll's ...
Register platform support module: C:/Program Files/Unity/Hub/Editor/2020.3.1f1/Editor/Data/PlaybackEngines/WindowsStandaloneSupport/UnityEditor.WindowsStandalone.Extensions.dll
Registered in 0.004198 seconds.
Native extension for WindowsStandalone target not found
Refreshing native plugins compatible for Editor in 83.52 ms, found 0 plugins.
Preloading 0 native plugins for Editor in 0.00 ms.
Invoked RoslynAnalysisRunner static constructor.
RoslynAnalysisRunner will not be running.
RoslynAnalysisRunner has terminated.
Mono: successfully reloaded assembly
- Completed reload, in  1.982 seconds
Platform modules already initialized, skipping
Registering precompiled user dll's ...
Registered in 0.001694 seconds.
Begin MonoManager ReloadAssembly
Native extension for WindowsStandalone target not found
Refreshing native plugins compatible for Editor in 0.65 ms, found 0 plugins.
Preloading 0 native plugins for Editor in 0.00 ms.
Invoked RoslynAnalysisRunner static constructor.
RoslynAnalysisRunner will not be running.
RoslynAnalysisRunner has terminated.
Mono: successfully reloaded assembly
- Completed reload, in  1.670 seconds
Platform modules already initialized, skipping
========================================================================
Worker process is ready to serve import requests
Launched and connected shader compiler UnityShaderCompiler.exe after 0.07 seconds
Refreshing native plugins compatible for Editor in 0.78 ms, found 0 plugins.
Preloading 0 native plugins for Editor in 0.00 ms.
Unloading 1648 Unused Serialized files (Serialized files now loaded: 0)
System memory in use before: 82.5 MB.
System memory in use after: 82.6 MB.

Unloading 13 unused Assets to reduce memory usage. Loaded Objects now: 2098.
Total: 4.442400 ms (FindLiveObjects: 0.492400 ms CreateObjectMapping: 0.153300 ms MarkObjects: 3.745500 ms  DeleteObjects: 0.048800 ms)

========================================================================
Received Import Request.
  path: Assets/Cave.unity
  artifactKey: Guid(224e1f49262ffbf4c827c075086bce40) Importer(815301076,1909f56bfc062723c751e8b465ee728b)
Start importing Assets/Cave.unity using Guid(224e1f49262ffbf4c827c075086bce40) Importer(815301076,1909f56bfc062723c751e8b465ee728b)  -> (artifact id: 'b25c5c6c6527cdb18981fb8faa0fa626') in 0.029801 seconds
  Import took 0.036537 seconds .

========================================================================
Received Import Request.
  Time since last request: 0.000364 seconds.
  path: Assets/Tutorial & Spaceship.unity
  artifactKey: Guid(4567e18471a26f24b8c841a4063ca268) Importer(815301076,1909f56bfc062723c751e8b465ee728b)
Start importing Assets/Tutorial & Spaceship.unity using Guid(4567e18471a26f24b8c841a4063ca268) Importer(815301076,1909f56bfc062723c751e8b465ee728b)  -> (artifact id: 'ac522a3e4a52f45403ca0c9b6a60b983') in 0.014798 seconds
  Import took 0.021511 seconds .

========================================================================
Received Import Request.
  Time since last request: 2019.455245 seconds.
  path: Assets/2DGamekit/Art/Materials/Interactables/Spikes.mat
  artifactKey: Guid(1b7abd73b5fe8524abc0ceb94975dda2) Importer(815301076,1909f56bfc062723c751e8b465ee728b)
Start importing Assets/2DGamekit/Art/Materials/Interactables/Spikes.mat using Guid(1b7abd73b5fe8524abc0ceb94975dda2) Importer(815301076,1909f56bfc062723c751e8b465ee728b)  -> (artifact id: 'a197ba6d42086b0a1bd8396c3c1e3915') in 0.774942 seconds
  Import took 0.855589 seconds .

========================================================================
Received Import Request.
  Time since last request: 0.000477 seconds.
  path: Assets/2DGamekit/Prefabs/Environment/Spikes.prefab
  artifactKey: Guid(4ff9f7a332b4ae44bb62aaee6eacc033) Importer(815301076,1909f56bfc062723c751e8b465ee728b)
Start importing Assets/2DGamekit/Prefabs/Environment/Spikes.prefab using Guid(4ff9f7a332b4ae44bb62aaee6eacc033) Importer(815301076,1909f56bfc062723c751e8b465ee728b)  -> (artifact id: 'f7665d97ff3d4eef88018ab3944d0197') in 0.100792 seconds
  Import took 0.109296 seconds .

========================================================================
Received Import Request.
  Time since last request: 0.000455 seconds.
  path: Assets/2DGamekit/Art/Sprites/Interactables/SpikesEmissive.png
  artifactKey: Guid(ee68edd490cb0934aa61d84563d1914b) Importer(815301076,1909f56bfc062723c751e8b465ee728b)
Start importing Assets/2DGamekit/Art/Sprites/Interactables/SpikesEmissive.png using Guid(ee68edd490cb0934aa61d84563d1914b) Importer(815301076,1909f56bfc062723c751e8b465ee728b)  -> (artifact id: '06a59bab614210079e473df80a0202cb') in 0.140946 seconds
  Import took 0.149152 seconds .

========================================================================
Received Import Request.
  Time since last request: 0.000505 seconds.
  path: Assets/2DGamekit/Art/Sprites/Interactables/SpikesNew.png
  artifactKey: Guid(44c1b3b37217c0b4bb07a979fc3b4714) Importer(815301076,1909f56bfc062723c751e8b465ee728b)
Start importing Assets/2DGamekit/Art/Sprites/Interactables/SpikesNew.png using Guid(44c1b3b37217c0b4bb07a979fc3b4714) Importer(815301076,1909f56bfc062723c751e8b465ee728b)  -> (artifact id: 'c3cbf2fe0d80afe78152d4f5ca7fcbe9') in 0.153019 seconds
  Import took 0.158982 seconds .

========================================================================
Received Prepare
Registering precompiled user dll's ...
Registered in 0.002197 seconds.
Begin MonoManager ReloadAssembly
Native extension for WindowsStandalone target not found
Refreshing native plugins compatible for Editor in 1.09 ms, found 0 plugins.
Preloading 0 native plugins for Editor in 0.00 ms.
Invoked RoslynAnalysisRunner static constructor.
RoslynAnalysisRunner will not be running.
RoslynAnalysisRunner has terminated.
Mono: successfully reloaded assembly
- Completed reload, in  1.617 seconds
Platform modules already initialized, skipping
Refreshing native plugins compatible for Editor in 1.27 ms, found 0 plugins.
Preloading 0 native plugins for Editor in 0.00 ms.
Unloading 1596 Unused Serialized files (Serialized files now loaded: 0)
System memory in use before: 82.2 MB.
System memory in use after: 82.3 MB.

Unloading 5 unused Assets to reduce memory usage. Loaded Objects now: 2173.
Total: 3.446800 ms (FindLiveObjects: 0.581800 ms CreateObjectMapping: 0.180000 ms MarkObjects: 2.657200 ms  DeleteObjects: 0.024500 ms)

AssetImportWorkerClient::OnTransportError - code=2 error=End of file
